[26/10/2024, 11:53:52 pm]:[INFO] - [wm] already signed in?,false
[26/10/2024, 11:53:55 pm]:[WARN] - [From web content: 2],[desktop] Unhandled message,setLocales
undefined
undefined
[26/10/2024, 11:54:26 pm]:[ERROR] - uncaughtException: ,{"name":"TypeError","message":"Cannot read properties of undefined (reading 'focus')","stack":"TypeError: Cannot read properties of undefined (reading 'focus')\n    at registeredCancelCallbackMap.focusLastWindow (/opt/figma-linux/resources/app.asar/main/main.js:1:51538)\n    at App.emit (node:events:518:28)\n    at new menuManager (/opt/figma-linux/resources/app.asar/main/main.js:1:45733)\n    at Object.<anonymous> (/opt/figma-linux/resources/app.asar/main/main.js:1:45486)\n    at Module._compile (node:internal/modules/cjs/loader:1391:14)\n    at Module._extensions..js (node:internal/modules/cjs/loader:1451:10)\n    at Module.load (node:internal/modules/cjs/loader:1214:32)\n    at Module._load (node:internal/modules/cjs/loader:1030:12)\n    at c._load (node:electron/js2c/node_init:2:13672)\n    at node:electron/js2c/browser_init:2:125815"}
[26/10/2024, 11:54:31 pm]:[WARN] - [From web content: 2],[desktop] Unhandled message,setThemePreference
[26/10/2024, 11:54:33 pm]:[WARN] - [From web content: 2],[desktop] Unhandled message,setWorkspaceProperties
[26/10/2024, 11:54:37 pm]:[WARN] - [From web content: 2],[desktop] Unhandled message,setThemePreference
[26/10/2024, 11:54:39 pm]:[WARN] - [From web content: 2],[desktop] Unhandled message,setWorkspaceProperties
[26/10/2024, 11:54:39 pm]:[WARN] - [From web content: 2],[desktop] Unhandled message,setWorkspaceProperties
[26/10/2024, 11:54:39 pm]:[WARN] - [From web content: 2],[desktop] Unhandled message,setLocales
[26/10/2024, 11:54:39 pm]:[WARN] - [From web content: 2],[desktop] Unhandled message,getKeyboardLayout
[26/10/2024, 11:54:43 pm]:[WARN] - [From web content: 2],[desktop] Unhandled message,setWorkspaceProperties
[26/10/2024, 11:54:43 pm]:[WARN] - [From web content: 2],[desktop] Unhandled message,getActiveNSScreens
[26/10/2024, 11:54:43 pm]:[WARN] - [From web content: 2],[desktop] Unhandled message,setWorkspaceProperties
[26/10/2024, 11:54:43 pm]:[WARN] - [From web content: 2],[desktop] Unhandled message,setWorkspaceProperties
[26/10/2024, 11:54:43 pm]:[WARN] - [From web content: 2],[desktop] Unhandled message,setWorkspaceProperties
[27/10/2024, 5:05:25 pm]:[INFO] - [wm] already signed in?,true
[27/10/2024, 5:05:28 pm]:[WARN] - [From web content: 2],[desktop] Unhandled message,setThemePreference
[27/10/2024, 5:05:28 pm]:[WARN] - [From web content: 2],[desktop] Unhandled message,setWorkspaceProperties
[27/10/2024, 5:05:29 pm]:[WARN] - [From web content: 2],[desktop] Unhandled message,setWorkspaceProperties
[27/10/2024, 5:05:29 pm]:[WARN] - [From web content: 2],[desktop] Unhandled message,setLocales
[27/10/2024, 5:05:29 pm]:[WARN] - [From web content: 2],[desktop] Unhandled message,getKeyboardLayout
[27/10/2024, 5:05:30 pm]:[WARN] - [From web content: 2],[desktop] Unhandled message,setThemePreference
[27/10/2024, 5:05:31 pm]:[WARN] - [From web content: 2],[desktop] Unhandled message,setWorkspaceProperties
[27/10/2024, 5:05:31 pm]:[WARN] - [From web content: 2],[desktop] Unhandled message,setWorkspaceProperties
[27/10/2024, 5:05:31 pm]:[WARN] - [From web content: 2],[desktop] Unhandled message,setLocales
[27/10/2024, 5:05:31 pm]:[WARN] - [From web content: 2],[desktop] Unhandled message,getKeyboardLayout
[27/10/2024, 5:05:31 pm]:[WARN] - [From web content: 2],[desktop] Unhandled message,getActiveNSScreens
undefined
undefined
[27/10/2024, 5:12:26 pm]:[ERROR] - uncaughtException: ,{"name":"TypeError","message":"Cannot read properties of undefined (reading 'focus')","stack":"TypeError: Cannot read properties of undefined (reading 'focus')\n    at registeredCancelCallbackMap.focusLastWindow (/opt/figma-linux/resources/app.asar/main/main.js:1:51538)\n    at App.emit (node:events:518:28)\n    at new menuManager (/opt/figma-linux/resources/app.asar/main/main.js:1:45733)\n    at Object.<anonymous> (/opt/figma-linux/resources/app.asar/main/main.js:1:45486)\n    at Module._compile (node:internal/modules/cjs/loader:1391:14)\n    at Module._extensions..js (node:internal/modules/cjs/loader:1451:10)\n    at Module.load (node:internal/modules/cjs/loader:1214:32)\n    at Module._load (node:internal/modules/cjs/loader:1030:12)\n    at c._load (node:electron/js2c/node_init:2:13672)\n    at node:electron/js2c/browser_init:2:125815"}
[27/10/2024, 5:12:27 pm]:[WARN] - [From web content: 8],[desktop] Unhandled message,setLocales
undefined
undefined
[27/10/2024, 5:12:34 pm]:[ERROR] - uncaughtException: ,{"name":"TypeError","message":"Cannot read properties of undefined (reading 'focus')","stack":"TypeError: Cannot read properties of undefined (reading 'focus')\n    at registeredCancelCallbackMap.focusLastWindow (/opt/figma-linux/resources/app.asar/main/main.js:1:51538)\n    at App.emit (node:events:518:28)\n    at new menuManager (/opt/figma-linux/resources/app.asar/main/main.js:1:45733)\n    at Object.<anonymous> (/opt/figma-linux/resources/app.asar/main/main.js:1:45486)\n    at Module._compile (node:internal/modules/cjs/loader:1391:14)\n    at Module._extensions..js (node:internal/modules/cjs/loader:1451:10)\n    at Module.load (node:internal/modules/cjs/loader:1214:32)\n    at Module._load (node:internal/modules/cjs/loader:1030:12)\n    at c._load (node:electron/js2c/node_init:2:13672)\n    at node:electron/js2c/browser_init:2:125815"}
[27/10/2024, 5:12:35 pm]:[WARN] - [From web content: 2],[desktop] Unhandled message,setWorkspaceProperties
[27/10/2024, 5:12:37 pm]:[WARN] - [From web content: 2],[desktop] Unhandled message,setThemePreference
[27/10/2024, 5:12:38 pm]:[WARN] - [From web content: 2],[desktop] Unhandled message,setWorkspaceProperties
[27/10/2024, 5:12:38 pm]:[WARN] - [From web content: 2],[desktop] Unhandled message,setThemePreference
[27/10/2024, 5:12:38 pm]:[WARN] - [From web content: 2],[desktop] Unhandled message,setWorkspaceProperties
[27/10/2024, 5:12:39 pm]:[WARN] - [From web content: 2],[desktop] Unhandled message,setWorkspaceProperties
[27/10/2024, 5:12:39 pm]:[WARN] - [From web content: 2],[desktop] Unhandled message,setLocales
[27/10/2024, 5:12:39 pm]:[WARN] - [From web content: 2],[desktop] Unhandled message,getKeyboardLayout
[27/10/2024, 5:12:39 pm]:[WARN] - [From web content: 2],[desktop] Unhandled message,getActiveNSScreens
[27/10/2024, 5:13:14 pm]:[WARN] - [From web content: 9],[desktop] Unhandled message,setThemePreference
[27/10/2024, 5:13:14 pm]:[WARN] - [From web content: 2],[desktop] Unhandled message,setWorkspaceProperties
[27/10/2024, 5:13:14 pm]:[WARN] - [From web content: 9],[desktop] Unhandled message,setTabPreviewData
[27/10/2024, 5:13:14 pm]:[WARN] - The setWorkspaceName not implemented, workspaceName: ,
[27/10/2024, 5:13:14 pm]:[WARN] - [From web content: 9],[desktop] Unhandled message,setLocales
[27/10/2024, 5:13:14 pm]:[WARN] - The setWorkspaceName not implemented, workspaceName: ,
[27/10/2024, 5:13:14 pm]:[WARN] - [From web content: 9],[desktop] Unhandled message,setEditorType
[27/10/2024, 5:13:14 pm]:[WARN] - The setWorkspaceName not implemented, workspaceName: ,
[27/10/2024, 5:13:14 pm]:[WARN] - [From web content: 9],[desktop] Unhandled message,getKeyboardLayout
[27/10/2024, 5:13:14 pm]:[WARN] - [From web content: 9],[desktop] Unhandled message,spellingGetLanguages
[27/10/2024, 5:13:14 pm]:[WARN] - [From web content: 9],[desktop] Unhandled message,setRealtimeToken
[27/10/2024, 5:13:16 pm]:[WARN] - [From web content: 9],[desktop] Unhandled message,setRealtimeToken
[27/10/2024, 5:13:16 pm]:[WARN] - [From web content: 9],[desktop] Unhandled message,getActiveNSScreens
[27/10/2024, 5:13:16 pm]:[WARN] - [From web content: 9],[desktop] Unhandled message,setTabColor
[27/10/2024, 5:13:16 pm]:[WARN] - [From web content: 9],[desktop] Unhandled message,setIsLibrary
[27/10/2024, 5:13:16 pm]:[WARN] - [From web content: 9],[desktop] Unhandled message,setIsTeamTemplate
[27/10/2024, 5:13:16 pm]:[WARN] - [From web content: 9],[desktop] Unhandled message,getActiveNSScreens
[27/10/2024, 5:13:16 pm]:[WARN] - [From web content: 9],[desktop] Unhandled message,getKeyboardLayout
[27/10/2024, 5:13:16 pm]:[WARN] - [From web content: 9],[desktop] Unhandled message,getActiveNSScreens
[27/10/2024, 5:13:16 pm]:[WARN] - [From web content: 9],[desktop] Unhandled message,getActiveNSScreens
[27/10/2024, 5:13:17 pm]:[WARN] - [From web content: 9],[desktop] Unhandled message,setTabPreviewData
[27/10/2024, 5:13:18 pm]:[WARN] - [From web content: 9],[desktop] Unhandled message,setTabColor
[27/10/2024, 5:13:22 pm]:[WARN] - [From web content: 10],[desktop] Unhandled message,setThemePreference
[27/10/2024, 5:13:23 pm]:[WARN] - [From web content: 2],[desktop] Unhandled message,setWorkspaceProperties
[27/10/2024, 5:13:23 pm]:[WARN] - [From web content: 10],[desktop] Unhandled message,setTabPreviewData
[27/10/2024, 5:13:24 pm]:[WARN] - The setWorkspaceName not implemented, workspaceName: ,
[27/10/2024, 5:13:24 pm]:[WARN] - [From web content: 10],[desktop] Unhandled message,setLocales
[27/10/2024, 5:13:24 pm]:[WARN] - [From web content: 10],[desktop] Unhandled message,setEditorType
[27/10/2024, 5:13:24 pm]:[WARN] - The setWorkspaceName not implemented, workspaceName: ,
[27/10/2024, 5:13:24 pm]:[WARN] - The setWorkspaceName not implemented, workspaceName: ,
[27/10/2024, 5:13:24 pm]:[WARN] - [From web content: 10],[desktop] Unhandled message,getKeyboardLayout
[27/10/2024, 5:13:24 pm]:[WARN] - [From web content: 10],[desktop] Unhandled message,spellingGetLanguages
[27/10/2024, 5:13:24 pm]:[WARN] - [From web content: 10],[desktop] Unhandled message,setRealtimeToken
[27/10/2024, 5:13:24 pm]:[WARN] - [From web content: 10],[desktop] Unhandled message,setRealtimeToken
[27/10/2024, 5:13:25 pm]:[WARN] - [From web content: 10],[desktop] Unhandled message,getActiveNSScreens
[27/10/2024, 5:13:25 pm]:[WARN] - [From web content: 10],[desktop] Unhandled message,setTabColor
[27/10/2024, 5:13:25 pm]:[WARN] - [From web content: 10],[desktop] Unhandled message,setIsLibrary
[27/10/2024, 5:13:25 pm]:[WARN] - [From web content: 10],[desktop] Unhandled message,setIsTeamTemplate
[27/10/2024, 5:13:25 pm]:[WARN] - [From web content: 10],[desktop] Unhandled message,getActiveNSScreens
[27/10/2024, 5:13:25 pm]:[WARN] - [From web content: 10],[desktop] Unhandled message,getActiveNSScreens
[27/10/2024, 5:13:25 pm]:[WARN] - [From web content: 10],[desktop] Unhandled message,getKeyboardLayout
[27/10/2024, 5:13:26 pm]:[WARN] - [From web content: 10],[desktop] Unhandled message,getActiveNSScreens
[27/10/2024, 5:13:27 pm]:[WARN] - [From web content: 10],[desktop] Unhandled message,setTabPreviewData
[27/10/2024, 5:13:28 pm]:[WARN] - [From web content: 10],[desktop] Unhandled message,updateViewport
[27/10/2024, 5:13:30 pm]:[WARN] - [From web content: 10],[desktop] Unhandled message,setTabColor
[27/10/2024, 5:13:37 pm]:[WARN] - [From web content: 10],[desktop] Unhandled message,updateViewport
[27/10/2024, 5:13:48 pm]:[WARN] - [From web content: 10],[desktop] Unhandled message,setThemePreference
[27/10/2024, 5:13:54 pm]:[WARN] - [From web content: 10],[desktop] Unhandled message,setThemePreference
[27/10/2024, 5:14:02 pm]:[WARN] - [From web content: 10],[desktop] Unhandled message,updateViewport
[27/10/2024, 5:14:06 pm]:[WARN] - [From web content: 10],[desktop] Unhandled message,updateViewport
[27/10/2024, 5:14:09 pm]:[WARN] - [From web content: 10],[desktop] Unhandled message,updateViewport
[27/10/2024, 5:14:10 pm]:[WARN] - [From web content: 10],[desktop] Unhandled message,updateViewport
[27/10/2024, 5:14:29 pm]:[WARN] - [From web content: 10],[desktop] Unhandled message,triggerHaptic
[27/10/2024, 5:14:29 pm]:[WARN] - [From web content: 10],[desktop] Unhandled message,triggerHaptic
[27/10/2024, 5:14:29 pm]:[WARN] - [From web content: 10],[desktop] Unhandled message,triggerHaptic
[27/10/2024, 5:14:30 pm]:[WARN] - [From web content: 10],[desktop] Unhandled message,triggerHaptic
[27/10/2024, 5:14:30 pm]:[WARN] - [From web content: 10],[desktop] Unhandled message,triggerHaptic
[27/10/2024, 5:14:30 pm]:[WARN] - [From web content: 10],[desktop] Unhandled message,triggerHaptic
[27/10/2024, 5:14:30 pm]:[WARN] - [From web content: 10],[desktop] Unhandled message,triggerHaptic
[27/10/2024, 5:14:30 pm]:[WARN] - [From web content: 10],[desktop] Unhandled message,triggerHaptic
[27/10/2024, 5:14:30 pm]:[WARN] - [From web content: 10],[desktop] Unhandled message,triggerHaptic
[27/10/2024, 5:14:30 pm]:[WARN] - [From web content: 10],[desktop] Unhandled message,triggerHaptic
[27/10/2024, 5:14:30 pm]:[WARN] - [From web content: 10],[desktop] Unhandled message,triggerHaptic
[27/10/2024, 5:14:31 pm]:[WARN] - [From web content: 10],[desktop] Unhandled message,triggerHaptic
[27/10/2024, 5:14:31 pm]:[WARN] - [From web content: 10],[desktop] Unhandled message,triggerHaptic
[27/10/2024, 5:14:31 pm]:[WARN] - [From web content: 10],[desktop] Unhandled message,triggerHaptic
[27/10/2024, 5:14:31 pm]:[WARN] - [From web content: 10],[desktop] Unhandled message,triggerHaptic
[27/10/2024, 5:14:31 pm]:[WARN] - [From web content: 10],[desktop] Unhandled message,triggerHaptic
[27/10/2024, 5:14:31 pm]:[WARN] - [From web content: 10],[desktop] Unhandled message,triggerHaptic
[27/10/2024, 5:14:31 pm]:[WARN] - [From web content: 10],[desktop] Unhandled message,triggerHaptic
[27/10/2024, 5:14:32 pm]:[WARN] - [From web content: 10],[desktop] Unhandled message,triggerHaptic
[27/10/2024, 5:14:32 pm]:[WARN] - [From web content: 10],[desktop] Unhandled message,triggerHaptic
[27/10/2024, 5:14:32 pm]:[WARN] - [From web content: 10],[desktop] Unhandled message,triggerHaptic
[27/10/2024, 5:14:32 pm]:[WARN] - [From web content: 10],[desktop] Unhandled message,triggerHaptic
[27/10/2024, 5:14:32 pm]:[WARN] - [From web content: 10],[desktop] Unhandled message,triggerHaptic
[27/10/2024, 5:14:32 pm]:[WARN] - [From web content: 10],[desktop] Unhandled message,triggerHaptic
[27/10/2024, 5:14:33 pm]:[WARN] - [From web content: 10],[desktop] Unhandled message,triggerHaptic
[27/10/2024, 5:14:33 pm]:[WARN] - [From web content: 10],[desktop] Unhandled message,triggerHaptic
[27/10/2024, 5:14:33 pm]:[WARN] - [From web content: 10],[desktop] Unhandled message,triggerHaptic
[27/10/2024, 5:14:33 pm]:[WARN] - [From web content: 10],[desktop] Unhandled message,triggerHaptic
[27/10/2024, 5:14:33 pm]:[WARN] - [From web content: 10],[desktop] Unhandled message,triggerHaptic
[27/10/2024, 5:14:36 pm]:[WARN] - [From web content: 10],[desktop] Unhandled message,spellingGetLanguages
[27/10/2024, 5:14:58 pm]:[WARN] - [From web content: 10],[desktop] Unhandled message,updateViewport
[27/10/2024, 5:15:19 pm]:[WARN] - [From web content: 10],[desktop] Unhandled message,updateViewport
[27/10/2024, 5:15:21 pm]:[WARN] - [From web content: 10],[desktop] Unhandled message,updateViewport
[27/10/2024, 5:15:24 pm]:[WARN] - [From web content: 10],[desktop] Unhandled message,updateViewport
[27/10/2024, 5:15:28 pm]:[WARN] - [From web content: 10],[desktop] Unhandled message,updateViewport
[27/10/2024, 5:15:32 pm]:[WARN] - [From web content: 10],[desktop] Unhandled message,updateViewport
[27/10/2024, 5:15:35 pm]:[WARN] - [From web content: 10],[desktop] Unhandled message,updateViewport
[27/10/2024, 5:15:37 pm]:[WARN] - [From web content: 10],[desktop] Unhandled message,updateViewport
[27/10/2024, 5:15:46 pm]:[WARN] - [From web content: 10],[desktop] Unhandled message,updateViewport
[27/10/2024, 5:15:53 pm]:[WARN] - [From web content: 10],[desktop] Unhandled message,updateViewport
[27/10/2024, 5:15:54 pm]:[WARN] - [From web content: 10],[desktop] Unhandled message,updateViewport
[27/10/2024, 5:15:57 pm]:[WARN] - [From web content: 10],[desktop] Unhandled message,updateViewport
[27/10/2024, 5:15:58 pm]:[WARN] - [From web content: 10],[desktop] Unhandled message,updateViewport
[27/10/2024, 5:16:04 pm]:[WARN] - [From web content: 10],[desktop] Unhandled message,updateViewport
[27/10/2024, 5:16:09 pm]:[WARN] - [From web content: 10],[desktop] Unhandled message,updateViewport
[27/10/2024, 5:16:13 pm]:[WARN] - [From web content: 10],[desktop] Unhandled message,updateViewport
[27/10/2024, 5:16:15 pm]:[WARN] - [From web content: 10],[desktop] Unhandled message,updateViewport
[27/10/2024, 5:16:19 pm]:[WARN] - [From web content: 10],[desktop] Unhandled message,updateViewport
[27/10/2024, 5:16:20 pm]:[WARN] - [From web content: 10],[desktop] Unhandled message,updateViewport
[27/10/2024, 5:16:23 pm]:[WARN] - [From web content: 10],[desktop] Unhandled message,updateViewport
[27/10/2024, 5:16:33 pm]:[WARN] - [From web content: 10],[desktop] Unhandled message,updateViewport
[27/10/2024, 5:16:35 pm]:[WARN] - [From web content: 10],[desktop] Unhandled message,updateViewport
[27/10/2024, 5:16:40 pm]:[WARN] - [From web content: 10],[desktop] Unhandled message,updateViewport
[27/10/2024, 5:16:43 pm]:[WARN] - [From web content: 10],[desktop] Unhandled message,updateViewport
[27/10/2024, 5:16:50 pm]:[WARN] - [From web content: 10],[desktop] Unhandled message,updateViewport
[27/10/2024, 5:17:07 pm]:[WARN] - [From web content: 10],[desktop] Unhandled message,updateViewport
[27/10/2024, 5:17:14 pm]:[WARN] - [From web content: 10],[desktop] Unhandled message,updateViewport
[27/10/2024, 5:17:18 pm]:[WARN] - [From web content: 10],[desktop] Unhandled message,updateViewport
[27/10/2024, 5:17:23 pm]:[WARN] - [From web content: 10],[desktop] Unhandled message,updateViewport
[27/10/2024, 5:17:31 pm]:[WARN] - [From web content: 10],[desktop] Unhandled message,updateViewport
[27/10/2024, 5:21:54 pm]:[WARN] - [From web content: 10],[desktop] Unhandled message,setTabPreviewData
[27/10/2024, 5:21:54 pm]:[WARN] - [From web content: 10],[desktop] Unhandled message,setTabPreviewData
[27/10/2024, 5:22:18 pm]:[WARN] - [From web content: 10],[desktop] Unhandled message,updateViewport
[27/10/2024, 5:22:20 pm]:[WARN] - [From web content: 10],[desktop] Unhandled message,updateViewport
[27/10/2024, 5:22:53 pm]:[WARN] - [From web content: 10],[desktop] Unhandled message,updateViewport
[27/10/2024, 5:22:54 pm]:[WARN] - [From web content: 10],[desktop] Unhandled message,updateViewport
